Running: /opt/Xilinx/14.7/ISE_DS/ISE/bin/lin64/unwrapped/fuse -intstyle ise -incremental -lib unisims_ver -lib unimacro_ver -lib xilinxcorelib_ver -lib secureip -o /home/fan/code/test/Org_Lab3/SCPU_ctrl_isim_beh.exe -prj /home/fan/code/test/Org_Lab3/SCPU_ctrl_beh.prj work.SCPU_ctrl work.glbl 
ISim P.20131013 (signature 0xfbc00daa)
Number of CPUs detected in this system: 8
Turning on mult-threading, number of parallel sub-compilation jobs: 16 
Determining compilation order of HDL files
Analyzing Verilog file "/home/fan/code/test/Org_Lab3/SCPU_ctrl.v" into library work
Analyzing Verilog file "/opt/Xilinx/14.7/ISE_DS/ISE//verilog/src/glbl.v" into library work
Starting static elaboration
Completed static elaboration
Fuse Memory Usage: 94620 KB
Fuse CPU Usage: 1120 ms
Compiling module SCPU_ctrl
Compiling module glbl
Time Resolution for simulation is 1ps.
Waiting for 1 sub-compilation(s) to finish...
Compiled 2 Verilog Units
Built simulation executable /home/fan/code/test/Org_Lab3/SCPU_ctrl_isim_beh.exe
Fuse Memory Usage: 1179072 KB
Fuse CPU Usage: 1130 ms
GCC CPU Usage: 210 ms
